<?xml version="1.0" encoding="UTF-8"?>
<!-- Generated by org.testng.reporters.JUnitXMLReporter -->
<testsuite ignored="0" hostname="tomsaja" failures="0" tests="4" name="Default test" time="20.051" errors="0" timestamp="10 Jan 2019 09:20:51 GMT">
  <testcase classname="com.amazon.tests.TestAmazon" name="validateSignInLinkTest" time="2.896"/>
  <testcase classname="com.amazon.tests.TestAmazon" name="numberOfBannersTest" time="0.042"/>
  <testcase classname="com.amazon.tests.TestAmazon" name="validateLoginFlowTest" time="4.597"/>
  <testcase classname="com.amazon.tests.TestAmazon" name="validatePincodeChangeFlowTest" time="6.004"/>
</testsuite> <!-- Default test -->
